<?xml version="1.0" encoding="UTF-8"?>
<testng-results skipped="0" failed="0" total="2" passed="2">
  <reporter-output>
  </reporter-output>
  <suite name="Suite" duration-ms="85987" started-at="2020-04-17T18:43:27Z" finished-at="2020-04-17T18:44:53Z">
    <groups>
    </groups>
    <test name="SeleniumDemoTest" duration-ms="85987" started-at="2020-04-17T18:43:27Z" finished-at="2020-04-17T18:44:53Z">
      <class name="com.demo.example.DemoOne">
        <test-method status="PASS" signature="setUp()[pri:0, instance:com.demo.example.DemoOne@51081592]" name="setUp" is-config="true" duration-ms="6604" started-at="2020-04-18T00:13:27Z" finished-at="2020-04-18T00:13:34Z">
          <reporter-output>
          </reporter-output>
        </test-method> <!-- setUp -->
        <test-method status="PASS" signature="qaAcademy()[pri:0, instance:com.demo.example.DemoOne@51081592]" name="qaAcademy" duration-ms="31681" started-at="2020-04-18T00:13:34Z" finished-at="2020-04-18T00:14:06Z">
          <reporter-output>
          </reporter-output>
        </test-method> <!-- qaAcademy -->
        <test-method status="PASS" signature="tearDown()[pri:0, instance:com.demo.example.DemoOne@51081592]" name="tearDown" is-config="true" duration-ms="1058" started-at="2020-04-18T00:14:06Z" finished-at="2020-04-18T00:14:07Z">
          <reporter-output>
          </reporter-output>
        </test-method> <!-- tearDown -->
      </class> <!-- com.demo.example.DemoOne -->
      <class name="com.demo.example.DemoTwo">
        <test-method status="PASS" signature="setUp()[pri:0, instance:com.demo.example.DemoTwo@68be2bc2]" name="setUp" is-config="true" duration-ms="3871" started-at="2020-04-18T00:14:07Z" finished-at="2020-04-18T00:14:11Z">
          <reporter-output>
          </reporter-output>
        </test-method> <!-- setUp -->
        <test-method status="PASS" signature="toolsQA()[pri:0, instance:com.demo.example.DemoTwo@68be2bc2]" name="toolsQA" duration-ms="41941" started-at="2020-04-18T00:14:11Z" finished-at="2020-04-18T00:14:52Z">
          <reporter-output>
          </reporter-output>
        </test-method> <!-- toolsQA -->
        <test-method status="PASS" signature="tearDown()[pri:0, instance:com.demo.example.DemoTwo@68be2bc2]" name="tearDown" is-config="true" duration-ms="776" started-at="2020-04-18T00:14:52Z" finished-at="2020-04-18T00:14:53Z">
          <reporter-output>
          </reporter-output>
        </test-method> <!-- tearDown -->
      </class> <!-- com.demo.example.DemoTwo -->
    </test> <!-- SeleniumDemoTest -->
  </suite> <!-- Suite -->
</testng-results>
